TN:
SF:app/helpers/random.js
FN:2,getRandomInteger
FN:5,getRandomArrayValue
FNF:2
FNH:2
FNDA:10,getRandomInteger
FNDA:5,getRandomArrayValue
DA:1,1
DA:2,1
DA:3,10
DA:4,1
DA:5,1
DA:6,5
DA:7,5
DA:8,5
DA:9,5
DA:10,1
DA:11,1
DA:12,1
LF:12
LH:12
BRDA:2,0,0,10
BRDA:5,1,0,5
BRF:2
BRH:2
end_of_record
TN:
SF:app/services/cadex.js
FN:5,generate
FN:15,glue
FN:22,updateData
FNF:3
FNH:1
FNDA:1,generate
FNDA:0,glue
FNDA:0,updateData
DA:1,1
DA:2,1
DA:3,1
DA:4,1
DA:5,1
DA:6,1
DA:7,1
DA:8,1
DA:9,1
DA:10,1
DA:11,1
DA:12,1
DA:13,1
DA:14,1
DA:15,1
DA:16,0
DA:17,0
DA:18,0
DA:19,0
DA:20,1
DA:21,1
DA:22,1
DA:23,0
DA:24,0
DA:25,1
DA:26,1
DA:27,1
LF:27
LH:21
BRDA:5,0,0,1
BRF:1
BRH:1
end_of_record
